<?xml version="1.0" encoding="UTF-8"?>
<testsuite name="practice02.Practice02Test" tests="4" skipped="0" failures="0" errors="0" timestamp="2018-04-13T17:14:03" hostname="YYN4NDILCMJ7IPX" time="0.009">
  <properties/>
  <testcase name="should_student_have_name_age_and_class_number" classname="practice02.Practice02Test" time="0.006"/>
  <testcase name="should_person_have_an_introduce_method_which_introduce_person_with_name_and_age" classname="practice02.Practice02Test" time="0.0"/>
  <testcase name="should_person_have_name_and_age" classname="practice02.Practice02Test" time="0.0"/>
  <testcase name="should_student_introduce_with_class" classname="practice02.Practice02Test" time="0.0"/>
  <system-out><![CDATA[]]></system-out>
  <system-err><![CDATA[]]></system-err>
</testsuite>
